<?xml version="1.0" encoding="UTF-8"?>
<!-- Generated by org.testng.reporters.JUnitReportReporter -->
<testsuite skipped="0" hostname="LAPTOP-BSACHMR9" name="loginPage.DynamicLoadedExample2" tests="1" failures="0" timestamp="2021-02-19T22:53:45 GMT" time="9.616" errors="0">
  <testcase name="verifyHelloWorld" time="9.616" classname="loginPage.DynamicLoadedExample2"/>
  <system-out/>
</testsuite> <!-- loginPage.DynamicLoadedExample2 -->
