<?xml version="1.0" encoding="UTF-8"?>
<!-- Generated by org.testng.reporters.JUnitReportReporter -->
<testsuite skipped="0" hostname="LAPTOP-BSACHMR9" name="loginpage.VerifyLogin" tests="2" failures="0" timestamp="2021-02-21T22:20:52 GMT" time="28.280" errors="0">
  <testcase name="TestValidLogin" time="14.656" classname="loginpage.VerifyLogin"/>
  <system-out>
The Browser is Maximised The App is Launched Enter username Enter password The login Button is Clicked The logout button is Clicked  </system-out>
  <testcase name="TestValidLogin" time="13.624" classname="loginpage.VerifyLogin"/>
  <system-out>
The Browser is Maximised The App is Launched Enter username Enter password The login Button is Clicked The logout button is Clicked  </system-out>
</testsuite> <!-- loginpage.VerifyLogin -->
